<?xml version="1.0" encoding="UTF-8"?>
<testsuite name="owner.TypeTest" tests="1" skipped="0" failures="0" errors="0" timestamp="2024-02-14T05:44:44" hostname="user" time="0.09">
  <properties/>
  <testcase name="testBoolean()" classname="owner.TypeTest" time="0.09"/>
  <system-out><![CDATA[]]></system-out>
  <system-err><![CDATA[]]></system-err>
</testsuite>
